2026-06-27 16:57:42,109 WARNING [app] VULNERABLE_MODE is ON. This instance is deliberately insecure and must never be exposed outside a local demo/teaching environment.
2026-06-27 16:58:39,217 WARNING [app] VULNERABLE_MODE is ON. This instance is deliberately insecure and must never be exposed outside a local demo/teaching environment.
2026-06-27 17:00:12,133 WARNING [app] VULNERABLE_MODE is ON. This instance is deliberately insecure and must never be exposed outside a local demo/teaching environment.
2026-06-27 17:00:12,655 WARNING [app] VULNERABLE_MODE is ON. This instance is deliberately insecure and must never be exposed outside a local demo/teaching environment.
2026-06-27 17:16:50,659 WARNING [app] VULNERABLE_MODE is ON. This instance is deliberately insecure and must never be exposed outside a local demo/teaching environment.
2026-06-27 17:19:02,480 WARNING [app] VULNERABLE_MODE is ON. This instance is deliberately insecure and must never be exposed outside a local demo/teaching environment.
2026-06-28 11:50:23,602 WARNING [app] VULNERABLE_MODE is ON. This instance is deliberately insecure and must never be exposed outside a local demo/teaching environment.
2026-06-28 11:50:24,160 WARNING [app] VULNERABLE_MODE is ON. This instance is deliberately insecure and must never be exposed outside a local demo/teaching environment.
2026-06-28 11:55:27,965 WARNING [app] VULNERABLE_MODE is ON. This instance is deliberately insecure and must never be exposed outside a local demo/teaching environment.
2026-06-28 12:10:59,388 WARNING [app] VULNERABLE_MODE is ON. This instance is deliberately insecure and must never be exposed outside a local demo/teaching environment.
2026-06-28 12:10:59,388 WARNING [app] VULNERABLE_MODE is ON. This instance is deliberately insecure and must never be exposed outside a local demo/teaching environment.
2026-06-28 12:18:19,768 WARNING [app] VULNERABLE_MODE is ON. This instance is deliberately insecure and must never be exposed outside a local demo/teaching environment.
2026-06-28 12:18:20,351 WARNING [app] VULNERABLE_MODE is ON. This instance is deliberately insecure and must never be exposed outside a local demo/teaching environment.
2026-06-28 12:24:20,082 WARNING [app] VULNERABLE_MODE is ON. This instance is deliberately insecure and must never be exposed outside a local demo/teaching environment.
2026-06-28 12:24:20,614 WARNING [app] VULNERABLE_MODE is ON. This instance is deliberately insecure and must never be exposed outside a local demo/teaching environment.
2026-06-28 13:58:53,791 WARNING [app] VULNERABLE_MODE is ON. This instance is deliberately insecure and must never be exposed outside a local demo/teaching environment.
2026-06-28 13:59:44,970 WARNING [app] VULNERABLE_MODE is ON. This instance is deliberately insecure and must never be exposed outside a local demo/teaching environment.
2026-06-28 13:59:45,601 WARNING [app] VULNERABLE_MODE is ON. This instance is deliberately insecure and must never be exposed outside a local demo/teaching environment.
2026-06-28 14:01:39,618 WARNING [app] VULNERABLE_MODE is ON. This instance is deliberately insecure and must never be exposed outside a local demo/teaching environment.
2026-06-28 14:01:40,351 WARNING [app] VULNERABLE_MODE is ON. This instance is deliberately insecure and must never be exposed outside a local demo/teaching environment.
2026-06-28 14:01:40,947 WARNING [app] VULNERABLE_MODE is ON. This instance is deliberately insecure and must never be exposed outside a local demo/teaching environment.
2026-06-28 14:06:33,272 WARNING [app] VULNERABLE_MODE is ON. This instance is deliberately insecure and must never be exposed outside a local demo/teaching environment.
2026-06-28 14:06:33,649 WARNING [app] VULNERABLE_MODE is ON. This instance is deliberately insecure and must never be exposed outside a local demo/teaching environment.
2026-06-28 14:07:37,659 WARNING [app] VULNERABLE_MODE is ON. This instance is deliberately insecure and must never be exposed outside a local demo/teaching environment.
2026-06-28 14:07:38,491 WARNING [app] VULNERABLE_MODE is ON. This instance is deliberately insecure and must never be exposed outside a local demo/teaching environment.
2026-06-28 14:07:39,144 WARNING [app] VULNERABLE_MODE is ON. This instance is deliberately insecure and must never be exposed outside a local demo/teaching environment.
2026-06-28 14:21:47,964 ERROR [app] Unhandled exception
Traceback (most recent call last):
  File "C:\Users\HP\miniconda3\Lib\site-packages\flask\app.py", line 917, in full_dispatch_request
    rv = self.dispatch_request()
  File "C:\Users\HP\miniconda3\Lib\site-packages\flask\app.py", line 902, in dispatch_request
    return self.ensure_sync(self.view_functions[rule.endpoint])(**view_args)  # type: ignore[no-any-return]
           ~~~~~~~~~~~~~~~~~~~~~~~~~~~~~~~~~~~~~~~~~~~~~~~~~~~~^^^^^^^^^^^^^
  File "C:\Users\HP\Music\app_star\guardian-ledger\backend\app\utils\decorators.py", line 39, in wrapped
    return view(*args, **kwargs)
  File "C:\Users\HP\Music\app_star\guardian-ledger\backend\app\utils\decorators.py", line 80, in wrapped
    return view(*args, **kwargs)
  File "C:\Users\HP\Music\app_star\guardian-ledger\backend\app\transactions\routes.py", line 104, in add_comment
    return ok(transaction_service.add_comment(db, g.current_user, tx_id, data["body"]), 201)
              ~~~~~~~~~~~~~~~~~~~~~~~~~~~~~~~^^^^^^^^^^^^^^^^^^^^^^^^^^^^^^^^^^^^^^^^^
  File "C:\Users\HP\Music\app_star\guardian-ledger\backend\app\services\transaction_service.py", line 259, in add_comment
    comment_repo.create(db, tx_id, user["id"], body)
    ~~~~~~~~~~~~~~~~~~~^^^^^^^^^^^^^^^^^^^^^^^^^^^^^
  File "C:\Users\HP\Music\app_star\guardian-ledger\backend\app\repositories\comment_repo.py", line 5, in create
    cur = db.execute(
        "INSERT INTO transaction_comments (transaction_id, author_id, body) VALUES (?, ?, ?)",
        (transaction_id, author_id, body),
    )
sqlite3.OperationalError: no such table: main.transactions_old
2026-06-28 14:21:49,617 ERROR [app] Unhandled exception
Traceback (most recent call last):
  File "C:\Users\HP\miniconda3\Lib\site-packages\flask\app.py", line 917, in full_dispatch_request
    rv = self.dispatch_request()
  File "C:\Users\HP\miniconda3\Lib\site-packages\flask\app.py", line 902, in dispatch_request
    return self.ensure_sync(self.view_functions[rule.endpoint])(**view_args)  # type: ignore[no-any-return]
           ~~~~~~~~~~~~~~~~~~~~~~~~~~~~~~~~~~~~~~~~~~~~~~~~~~~~^^^^^^^^^^^^^
  File "C:\Users\HP\Music\app_star\guardian-ledger\backend\app\utils\decorators.py", line 39, in wrapped
    return view(*args, **kwargs)
  File "C:\Users\HP\Music\app_star\guardian-ledger\backend\app\utils\decorators.py", line 80, in wrapped
    return view(*args, **kwargs)
  File "C:\Users\HP\Music\app_star\guardian-ledger\backend\app\transactions\routes.py", line 104, in add_comment
    return ok(transaction_service.add_comment(db, g.current_user, tx_id, data["body"]), 201)
              ~~~~~~~~~~~~~~~~~~~~~~~~~~~~~~~^^^^^^^^^^^^^^^^^^^^^^^^^^^^^^^^^^^^^^^^^
  File "C:\Users\HP\Music\app_star\guardian-ledger\backend\app\services\transaction_service.py", line 259, in add_comment
    comment_repo.create(db, tx_id, user["id"], body)
    ~~~~~~~~~~~~~~~~~~~^^^^^^^^^^^^^^^^^^^^^^^^^^^^^
  File "C:\Users\HP\Music\app_star\guardian-ledger\backend\app\repositories\comment_repo.py", line 5, in create
    cur = db.execute(
        "INSERT INTO transaction_comments (transaction_id, author_id, body) VALUES (?, ?, ?)",
        (transaction_id, author_id, body),
    )
sqlite3.OperationalError: no such table: main.transactions_old
2026-06-28 14:22:03,262 ERROR [app] Unhandled exception
Traceback (most recent call last):
  File "C:\Users\HP\miniconda3\Lib\site-packages\flask\app.py", line 917, in full_dispatch_request
    rv = self.dispatch_request()
  File "C:\Users\HP\miniconda3\Lib\site-packages\flask\app.py", line 902, in dispatch_request
    return self.ensure_sync(self.view_functions[rule.endpoint])(**view_args)  # type: ignore[no-any-return]
           ~~~~~~~~~~~~~~~~~~~~~~~~~~~~~~~~~~~~~~~~~~~~~~~~~~~~^^^^^^^^^^^^^
  File "C:\Users\HP\Music\app_star\guardian-ledger\backend\app\utils\decorators.py", line 39, in wrapped
    return view(*args, **kwargs)
  File "C:\Users\HP\Music\app_star\guardian-ledger\backend\app\utils\decorators.py", line 80, in wrapped
    return view(*args, **kwargs)
  File "C:\Users\HP\Music\app_star\guardian-ledger\backend\app\transactions\routes.py", line 104, in add_comment
    return ok(transaction_service.add_comment(db, g.current_user, tx_id, data["body"]), 201)
              ~~~~~~~~~~~~~~~~~~~~~~~~~~~~~~~^^^^^^^^^^^^^^^^^^^^^^^^^^^^^^^^^^^^^^^^^
  File "C:\Users\HP\Music\app_star\guardian-ledger\backend\app\services\transaction_service.py", line 259, in add_comment
    comment_repo.create(db, tx_id, user["id"], body)
    ~~~~~~~~~~~~~~~~~~~^^^^^^^^^^^^^^^^^^^^^^^^^^^^^
  File "C:\Users\HP\Music\app_star\guardian-ledger\backend\app\repositories\comment_repo.py", line 5, in create
    cur = db.execute(
        "INSERT INTO transaction_comments (transaction_id, author_id, body) VALUES (?, ?, ?)",
        (transaction_id, author_id, body),
    )
sqlite3.OperationalError: no such table: main.transactions_old
2026-06-28 14:22:04,745 ERROR [app] Unhandled exception
Traceback (most recent call last):
  File "C:\Users\HP\miniconda3\Lib\site-packages\flask\app.py", line 917, in full_dispatch_request
    rv = self.dispatch_request()
  File "C:\Users\HP\miniconda3\Lib\site-packages\flask\app.py", line 902, in dispatch_request
    return self.ensure_sync(self.view_functions[rule.endpoint])(**view_args)  # type: ignore[no-any-return]
           ~~~~~~~~~~~~~~~~~~~~~~~~~~~~~~~~~~~~~~~~~~~~~~~~~~~~^^^^^^^^^^^^^
  File "C:\Users\HP\Music\app_star\guardian-ledger\backend\app\utils\decorators.py", line 39, in wrapped
    return view(*args, **kwargs)
  File "C:\Users\HP\Music\app_star\guardian-ledger\backend\app\utils\decorators.py", line 80, in wrapped
    return view(*args, **kwargs)
  File "C:\Users\HP\Music\app_star\guardian-ledger\backend\app\transactions\routes.py", line 104, in add_comment
    return ok(transaction_service.add_comment(db, g.current_user, tx_id, data["body"]), 201)
              ~~~~~~~~~~~~~~~~~~~~~~~~~~~~~~~^^^^^^^^^^^^^^^^^^^^^^^^^^^^^^^^^^^^^^^^^
  File "C:\Users\HP\Music\app_star\guardian-ledger\backend\app\services\transaction_service.py", line 259, in add_comment
    comment_repo.create(db, tx_id, user["id"], body)
    ~~~~~~~~~~~~~~~~~~~^^^^^^^^^^^^^^^^^^^^^^^^^^^^^
  File "C:\Users\HP\Music\app_star\guardian-ledger\backend\app\repositories\comment_repo.py", line 5, in create
    cur = db.execute(
        "INSERT INTO transaction_comments (transaction_id, author_id, body) VALUES (?, ?, ?)",
        (transaction_id, author_id, body),
    )
sqlite3.OperationalError: no such table: main.transactions_old
2026-06-28 14:22:06,008 ERROR [app] Unhandled exception
Traceback (most recent call last):
  File "C:\Users\HP\miniconda3\Lib\site-packages\flask\app.py", line 917, in full_dispatch_request
    rv = self.dispatch_request()
  File "C:\Users\HP\miniconda3\Lib\site-packages\flask\app.py", line 902, in dispatch_request
    return self.ensure_sync(self.view_functions[rule.endpoint])(**view_args)  # type: ignore[no-any-return]
           ~~~~~~~~~~~~~~~~~~~~~~~~~~~~~~~~~~~~~~~~~~~~~~~~~~~~^^^^^^^^^^^^^
  File "C:\Users\HP\Music\app_star\guardian-ledger\backend\app\utils\decorators.py", line 39, in wrapped
    return view(*args, **kwargs)
  File "C:\Users\HP\Music\app_star\guardian-ledger\backend\app\utils\decorators.py", line 80, in wrapped
    return view(*args, **kwargs)
  File "C:\Users\HP\Music\app_star\guardian-ledger\backend\app\transactions\routes.py", line 104, in add_comment
    return ok(transaction_service.add_comment(db, g.current_user, tx_id, data["body"]), 201)
              ~~~~~~~~~~~~~~~~~~~~~~~~~~~~~~~^^^^^^^^^^^^^^^^^^^^^^^^^^^^^^^^^^^^^^^^^
  File "C:\Users\HP\Music\app_star\guardian-ledger\backend\app\services\transaction_service.py", line 259, in add_comment
    comment_repo.create(db, tx_id, user["id"], body)
    ~~~~~~~~~~~~~~~~~~~^^^^^^^^^^^^^^^^^^^^^^^^^^^^^
  File "C:\Users\HP\Music\app_star\guardian-ledger\backend\app\repositories\comment_repo.py", line 5, in create
    cur = db.execute(
        "INSERT INTO transaction_comments (transaction_id, author_id, body) VALUES (?, ?, ?)",
        (transaction_id, author_id, body),
    )
sqlite3.OperationalError: no such table: main.transactions_old
2026-06-28 14:22:21,431 ERROR [app] Unhandled exception
Traceback (most recent call last):
  File "C:\Users\HP\miniconda3\Lib\site-packages\flask\app.py", line 917, in full_dispatch_request
    rv = self.dispatch_request()
  File "C:\Users\HP\miniconda3\Lib\site-packages\flask\app.py", line 902, in dispatch_request
    return self.ensure_sync(self.view_functions[rule.endpoint])(**view_args)  # type: ignore[no-any-return]
           ~~~~~~~~~~~~~~~~~~~~~~~~~~~~~~~~~~~~~~~~~~~~~~~~~~~~^^^^^^^^^^^^^
  File "C:\Users\HP\Music\app_star\guardian-ledger\backend\app\utils\decorators.py", line 39, in wrapped
    return view(*args, **kwargs)
  File "C:\Users\HP\Music\app_star\guardian-ledger\backend\app\utils\decorators.py", line 80, in wrapped
    return view(*args, **kwargs)
  File "C:\Users\HP\Music\app_star\guardian-ledger\backend\app\transactions\routes.py", line 104, in add_comment
    return ok(transaction_service.add_comment(db, g.current_user, tx_id, data["body"]), 201)
              ~~~~~~~~~~~~~~~~~~~~~~~~~~~~~~~^^^^^^^^^^^^^^^^^^^^^^^^^^^^^^^^^^^^^^^^^
  File "C:\Users\HP\Music\app_star\guardian-ledger\backend\app\services\transaction_service.py", line 259, in add_comment
    comment_repo.create(db, tx_id, user["id"], body)
    ~~~~~~~~~~~~~~~~~~~^^^^^^^^^^^^^^^^^^^^^^^^^^^^^
  File "C:\Users\HP\Music\app_star\guardian-ledger\backend\app\repositories\comment_repo.py", line 5, in create
    cur = db.execute(
        "INSERT INTO transaction_comments (transaction_id, author_id, body) VALUES (?, ?, ?)",
        (transaction_id, author_id, body),
    )
sqlite3.OperationalError: no such table: main.transactions_old
2026-06-28 14:22:22,216 ERROR [app] Unhandled exception
Traceback (most recent call last):
  File "C:\Users\HP\miniconda3\Lib\site-packages\flask\app.py", line 917, in full_dispatch_request
    rv = self.dispatch_request()
  File "C:\Users\HP\miniconda3\Lib\site-packages\flask\app.py", line 902, in dispatch_request
    return self.ensure_sync(self.view_functions[rule.endpoint])(**view_args)  # type: ignore[no-any-return]
           ~~~~~~~~~~~~~~~~~~~~~~~~~~~~~~~~~~~~~~~~~~~~~~~~~~~~^^^^^^^^^^^^^
  File "C:\Users\HP\Music\app_star\guardian-ledger\backend\app\utils\decorators.py", line 39, in wrapped
    return view(*args, **kwargs)
  File "C:\Users\HP\Music\app_star\guardian-ledger\backend\app\utils\decorators.py", line 80, in wrapped
    return view(*args, **kwargs)
  File "C:\Users\HP\Music\app_star\guardian-ledger\backend\app\transactions\routes.py", line 104, in add_comment
    return ok(transaction_service.add_comment(db, g.current_user, tx_id, data["body"]), 201)
              ~~~~~~~~~~~~~~~~~~~~~~~~~~~~~~~^^^^^^^^^^^^^^^^^^^^^^^^^^^^^^^^^^^^^^^^^
  File "C:\Users\HP\Music\app_star\guardian-ledger\backend\app\services\transaction_service.py", line 259, in add_comment
    comment_repo.create(db, tx_id, user["id"], body)
    ~~~~~~~~~~~~~~~~~~~^^^^^^^^^^^^^^^^^^^^^^^^^^^^^
  File "C:\Users\HP\Music\app_star\guardian-ledger\backend\app\repositories\comment_repo.py", line 5, in create
    cur = db.execute(
        "INSERT INTO transaction_comments (transaction_id, author_id, body) VALUES (?, ?, ?)",
        (transaction_id, author_id, body),
    )
sqlite3.OperationalError: no such table: main.transactions_old
2026-06-28 14:22:22,420 ERROR [app] Unhandled exception
Traceback (most recent call last):
  File "C:\Users\HP\miniconda3\Lib\site-packages\flask\app.py", line 917, in full_dispatch_request
    rv = self.dispatch_request()
  File "C:\Users\HP\miniconda3\Lib\site-packages\flask\app.py", line 902, in dispatch_request
    return self.ensure_sync(self.view_functions[rule.endpoint])(**view_args)  # type: ignore[no-any-return]
           ~~~~~~~~~~~~~~~~~~~~~~~~~~~~~~~~~~~~~~~~~~~~~~~~~~~~^^^^^^^^^^^^^
  File "C:\Users\HP\Music\app_star\guardian-ledger\backend\app\utils\decorators.py", line 39, in wrapped
    return view(*args, **kwargs)
  File "C:\Users\HP\Music\app_star\guardian-ledger\backend\app\utils\decorators.py", line 80, in wrapped
    return view(*args, **kwargs)
  File "C:\Users\HP\Music\app_star\guardian-ledger\backend\app\transactions\routes.py", line 104, in add_comment
    return ok(transaction_service.add_comment(db, g.current_user, tx_id, data["body"]), 201)
              ~~~~~~~~~~~~~~~~~~~~~~~~~~~~~~~^^^^^^^^^^^^^^^^^^^^^^^^^^^^^^^^^^^^^^^^^
  File "C:\Users\HP\Music\app_star\guardian-ledger\backend\app\services\transaction_service.py", line 259, in add_comment
    comment_repo.create(db, tx_id, user["id"], body)
    ~~~~~~~~~~~~~~~~~~~^^^^^^^^^^^^^^^^^^^^^^^^^^^^^
  File "C:\Users\HP\Music\app_star\guardian-ledger\backend\app\repositories\comment_repo.py", line 5, in create
    cur = db.execute(
        "INSERT INTO transaction_comments (transaction_id, author_id, body) VALUES (?, ?, ?)",
        (transaction_id, author_id, body),
    )
sqlite3.OperationalError: no such table: main.transactions_old
2026-06-28 14:22:22,568 ERROR [app] Unhandled exception
Traceback (most recent call last):
  File "C:\Users\HP\miniconda3\Lib\site-packages\flask\app.py", line 917, in full_dispatch_request
    rv = self.dispatch_request()
  File "C:\Users\HP\miniconda3\Lib\site-packages\flask\app.py", line 902, in dispatch_request
    return self.ensure_sync(self.view_functions[rule.endpoint])(**view_args)  # type: ignore[no-any-return]
           ~~~~~~~~~~~~~~~~~~~~~~~~~~~~~~~~~~~~~~~~~~~~~~~~~~~~^^^^^^^^^^^^^
  File "C:\Users\HP\Music\app_star\guardian-ledger\backend\app\utils\decorators.py", line 39, in wrapped
    return view(*args, **kwargs)
  File "C:\Users\HP\Music\app_star\guardian-ledger\backend\app\utils\decorators.py", line 80, in wrapped
    return view(*args, **kwargs)
  File "C:\Users\HP\Music\app_star\guardian-ledger\backend\app\transactions\routes.py", line 104, in add_comment
    return ok(transaction_service.add_comment(db, g.current_user, tx_id, data["body"]), 201)
              ~~~~~~~~~~~~~~~~~~~~~~~~~~~~~~~^^^^^^^^^^^^^^^^^^^^^^^^^^^^^^^^^^^^^^^^^
  File "C:\Users\HP\Music\app_star\guardian-ledger\backend\app\services\transaction_service.py", line 259, in add_comment
    comment_repo.create(db, tx_id, user["id"], body)
    ~~~~~~~~~~~~~~~~~~~^^^^^^^^^^^^^^^^^^^^^^^^^^^^^
  File "C:\Users\HP\Music\app_star\guardian-ledger\backend\app\repositories\comment_repo.py", line 5, in create
    cur = db.execute(
        "INSERT INTO transaction_comments (transaction_id, author_id, body) VALUES (?, ?, ?)",
        (transaction_id, author_id, body),
    )
sqlite3.OperationalError: no such table: main.transactions_old
2026-06-28 14:22:22,737 ERROR [app] Unhandled exception
Traceback (most recent call last):
  File "C:\Users\HP\miniconda3\Lib\site-packages\flask\app.py", line 917, in full_dispatch_request
    rv = self.dispatch_request()
  File "C:\Users\HP\miniconda3\Lib\site-packages\flask\app.py", line 902, in dispatch_request
    return self.ensure_sync(self.view_functions[rule.endpoint])(**view_args)  # type: ignore[no-any-return]
           ~~~~~~~~~~~~~~~~~~~~~~~~~~~~~~~~~~~~~~~~~~~~~~~~~~~~^^^^^^^^^^^^^
  File "C:\Users\HP\Music\app_star\guardian-ledger\backend\app\utils\decorators.py", line 39, in wrapped
    return view(*args, **kwargs)
  File "C:\Users\HP\Music\app_star\guardian-ledger\backend\app\utils\decorators.py", line 80, in wrapped
    return view(*args, **kwargs)
  File "C:\Users\HP\Music\app_star\guardian-ledger\backend\app\transactions\routes.py", line 104, in add_comment
    return ok(transaction_service.add_comment(db, g.current_user, tx_id, data["body"]), 201)
              ~~~~~~~~~~~~~~~~~~~~~~~~~~~~~~~^^^^^^^^^^^^^^^^^^^^^^^^^^^^^^^^^^^^^^^^^
  File "C:\Users\HP\Music\app_star\guardian-ledger\backend\app\services\transaction_service.py", line 259, in add_comment
    comment_repo.create(db, tx_id, user["id"], body)
    ~~~~~~~~~~~~~~~~~~~^^^^^^^^^^^^^^^^^^^^^^^^^^^^^
  File "C:\Users\HP\Music\app_star\guardian-ledger\backend\app\repositories\comment_repo.py", line 5, in create
    cur = db.execute(
        "INSERT INTO transaction_comments (transaction_id, author_id, body) VALUES (?, ?, ?)",
        (transaction_id, author_id, body),
    )
sqlite3.OperationalError: no such table: main.transactions_old
2026-06-28 14:22:22,966 ERROR [app] Unhandled exception
Traceback (most recent call last):
  File "C:\Users\HP\miniconda3\Lib\site-packages\flask\app.py", line 917, in full_dispatch_request
    rv = self.dispatch_request()
  File "C:\Users\HP\miniconda3\Lib\site-packages\flask\app.py", line 902, in dispatch_request
    return self.ensure_sync(self.view_functions[rule.endpoint])(**view_args)  # type: ignore[no-any-return]
           ~~~~~~~~~~~~~~~~~~~~~~~~~~~~~~~~~~~~~~~~~~~~~~~~~~~~^^^^^^^^^^^^^
  File "C:\Users\HP\Music\app_star\guardian-ledger\backend\app\utils\decorators.py", line 39, in wrapped
    return view(*args, **kwargs)
  File "C:\Users\HP\Music\app_star\guardian-ledger\backend\app\utils\decorators.py", line 80, in wrapped
    return view(*args, **kwargs)
  File "C:\Users\HP\Music\app_star\guardian-ledger\backend\app\transactions\routes.py", line 104, in add_comment
    return ok(transaction_service.add_comment(db, g.current_user, tx_id, data["body"]), 201)
              ~~~~~~~~~~~~~~~~~~~~~~~~~~~~~~~^^^^^^^^^^^^^^^^^^^^^^^^^^^^^^^^^^^^^^^^^
  File "C:\Users\HP\Music\app_star\guardian-ledger\backend\app\services\transaction_service.py", line 259, in add_comment
    comment_repo.create(db, tx_id, user["id"], body)
    ~~~~~~~~~~~~~~~~~~~^^^^^^^^^^^^^^^^^^^^^^^^^^^^^
  File "C:\Users\HP\Music\app_star\guardian-ledger\backend\app\repositories\comment_repo.py", line 5, in create
    cur = db.execute(
        "INSERT INTO transaction_comments (transaction_id, author_id, body) VALUES (?, ?, ?)",
        (transaction_id, author_id, body),
    )
sqlite3.OperationalError: no such table: main.transactions_old
2026-06-28 14:22:23,256 ERROR [app] Unhandled exception
Traceback (most recent call last):
  File "C:\Users\HP\miniconda3\Lib\site-packages\flask\app.py", line 917, in full_dispatch_request
    rv = self.dispatch_request()
  File "C:\Users\HP\miniconda3\Lib\site-packages\flask\app.py", line 902, in dispatch_request
    return self.ensure_sync(self.view_functions[rule.endpoint])(**view_args)  # type: ignore[no-any-return]
           ~~~~~~~~~~~~~~~~~~~~~~~~~~~~~~~~~~~~~~~~~~~~~~~~~~~~^^^^^^^^^^^^^
  File "C:\Users\HP\Music\app_star\guardian-ledger\backend\app\utils\decorators.py", line 39, in wrapped
    return view(*args, **kwargs)
  File "C:\Users\HP\Music\app_star\guardian-ledger\backend\app\utils\decorators.py", line 80, in wrapped
    return view(*args, **kwargs)
  File "C:\Users\HP\Music\app_star\guardian-ledger\backend\app\transactions\routes.py", line 104, in add_comment
    return ok(transaction_service.add_comment(db, g.current_user, tx_id, data["body"]), 201)
              ~~~~~~~~~~~~~~~~~~~~~~~~~~~~~~~^^^^^^^^^^^^^^^^^^^^^^^^^^^^^^^^^^^^^^^^^
  File "C:\Users\HP\Music\app_star\guardian-ledger\backend\app\services\transaction_service.py", line 259, in add_comment
    comment_repo.create(db, tx_id, user["id"], body)
    ~~~~~~~~~~~~~~~~~~~^^^^^^^^^^^^^^^^^^^^^^^^^^^^^
  File "C:\Users\HP\Music\app_star\guardian-ledger\backend\app\repositories\comment_repo.py", line 5, in create
    cur = db.execute(
        "INSERT INTO transaction_comments (transaction_id, author_id, body) VALUES (?, ?, ?)",
        (transaction_id, author_id, body),
    )
sqlite3.OperationalError: no such table: main.transactions_old
2026-06-28 14:22:23,405 ERROR [app] Unhandled exception
Traceback (most recent call last):
  File "C:\Users\HP\miniconda3\Lib\site-packages\flask\app.py", line 917, in full_dispatch_request
    rv = self.dispatch_request()
  File "C:\Users\HP\miniconda3\Lib\site-packages\flask\app.py", line 902, in dispatch_request
    return self.ensure_sync(self.view_functions[rule.endpoint])(**view_args)  # type: ignore[no-any-return]
           ~~~~~~~~~~~~~~~~~~~~~~~~~~~~~~~~~~~~~~~~~~~~~~~~~~~~^^^^^^^^^^^^^
  File "C:\Users\HP\Music\app_star\guardian-ledger\backend\app\utils\decorators.py", line 39, in wrapped
    return view(*args, **kwargs)
  File "C:\Users\HP\Music\app_star\guardian-ledger\backend\app\utils\decorators.py", line 80, in wrapped
    return view(*args, **kwargs)
  File "C:\Users\HP\Music\app_star\guardian-ledger\backend\app\transactions\routes.py", line 104, in add_comment
    return ok(transaction_service.add_comment(db, g.current_user, tx_id, data["body"]), 201)
              ~~~~~~~~~~~~~~~~~~~~~~~~~~~~~~~^^^^^^^^^^^^^^^^^^^^^^^^^^^^^^^^^^^^^^^^^
  File "C:\Users\HP\Music\app_star\guardian-ledger\backend\app\services\transaction_service.py", line 259, in add_comment
    comment_repo.create(db, tx_id, user["id"], body)
    ~~~~~~~~~~~~~~~~~~~^^^^^^^^^^^^^^^^^^^^^^^^^^^^^
  File "C:\Users\HP\Music\app_star\guardian-ledger\backend\app\repositories\comment_repo.py", line 5, in create
    cur = db.execute(
        "INSERT INTO transaction_comments (transaction_id, author_id, body) VALUES (?, ?, ?)",
        (transaction_id, author_id, body),
    )
sqlite3.OperationalError: no such table: main.transactions_old
2026-06-28 14:22:23,588 ERROR [app] Unhandled exception
Traceback (most recent call last):
  File "C:\Users\HP\miniconda3\Lib\site-packages\flask\app.py", line 917, in full_dispatch_request
    rv = self.dispatch_request()
  File "C:\Users\HP\miniconda3\Lib\site-packages\flask\app.py", line 902, in dispatch_request
    return self.ensure_sync(self.view_functions[rule.endpoint])(**view_args)  # type: ignore[no-any-return]
           ~~~~~~~~~~~~~~~~~~~~~~~~~~~~~~~~~~~~~~~~~~~~~~~~~~~~^^^^^^^^^^^^^
  File "C:\Users\HP\Music\app_star\guardian-ledger\backend\app\utils\decorators.py", line 39, in wrapped
    return view(*args, **kwargs)
  File "C:\Users\HP\Music\app_star\guardian-ledger\backend\app\utils\decorators.py", line 80, in wrapped
    return view(*args, **kwargs)
  File "C:\Users\HP\Music\app_star\guardian-ledger\backend\app\transactions\routes.py", line 104, in add_comment
    return ok(transaction_service.add_comment(db, g.current_user, tx_id, data["body"]), 201)
              ~~~~~~~~~~~~~~~~~~~~~~~~~~~~~~~^^^^^^^^^^^^^^^^^^^^^^^^^^^^^^^^^^^^^^^^^
  File "C:\Users\HP\Music\app_star\guardian-ledger\backend\app\services\transaction_service.py", line 259, in add_comment
    comment_repo.create(db, tx_id, user["id"], body)
    ~~~~~~~~~~~~~~~~~~~^^^^^^^^^^^^^^^^^^^^^^^^^^^^^
  File "C:\Users\HP\Music\app_star\guardian-ledger\backend\app\repositories\comment_repo.py", line 5, in create
    cur = db.execute(
        "INSERT INTO transaction_comments (transaction_id, author_id, body) VALUES (?, ?, ?)",
        (transaction_id, author_id, body),
    )
sqlite3.OperationalError: no such table: main.transactions_old
2026-06-28 14:22:31,828 ERROR [app] Unhandled exception
Traceback (most recent call last):
  File "C:\Users\HP\miniconda3\Lib\site-packages\flask\app.py", line 917, in full_dispatch_request
    rv = self.dispatch_request()
  File "C:\Users\HP\miniconda3\Lib\site-packages\flask\app.py", line 902, in dispatch_request
    return self.ensure_sync(self.view_functions[rule.endpoint])(**view_args)  # type: ignore[no-any-return]
           ~~~~~~~~~~~~~~~~~~~~~~~~~~~~~~~~~~~~~~~~~~~~~~~~~~~~^^^^^^^^^^^^^
  File "C:\Users\HP\Music\app_star\guardian-ledger\backend\app\utils\decorators.py", line 39, in wrapped
    return view(*args, **kwargs)
  File "C:\Users\HP\Music\app_star\guardian-ledger\backend\app\utils\decorators.py", line 80, in wrapped
    return view(*args, **kwargs)
  File "C:\Users\HP\Music\app_star\guardian-ledger\backend\app\transactions\routes.py", line 104, in add_comment
    return ok(transaction_service.add_comment(db, g.current_user, tx_id, data["body"]), 201)
              ~~~~~~~~~~~~~~~~~~~~~~~~~~~~~~~^^^^^^^^^^^^^^^^^^^^^^^^^^^^^^^^^^^^^^^^^
  File "C:\Users\HP\Music\app_star\guardian-ledger\backend\app\services\transaction_service.py", line 259, in add_comment
    comment_repo.create(db, tx_id, user["id"], body)
    ~~~~~~~~~~~~~~~~~~~^^^^^^^^^^^^^^^^^^^^^^^^^^^^^
  File "C:\Users\HP\Music\app_star\guardian-ledger\backend\app\repositories\comment_repo.py", line 5, in create
    cur = db.execute(
        "INSERT INTO transaction_comments (transaction_id, author_id, body) VALUES (?, ?, ?)",
        (transaction_id, author_id, body),
    )
sqlite3.OperationalError: no such table: main.transactions_old
2026-06-28 14:22:33,266 ERROR [app] Unhandled exception
Traceback (most recent call last):
  File "C:\Users\HP\miniconda3\Lib\site-packages\flask\app.py", line 917, in full_dispatch_request
    rv = self.dispatch_request()
  File "C:\Users\HP\miniconda3\Lib\site-packages\flask\app.py", line 902, in dispatch_request
    return self.ensure_sync(self.view_functions[rule.endpoint])(**view_args)  # type: ignore[no-any-return]
           ~~~~~~~~~~~~~~~~~~~~~~~~~~~~~~~~~~~~~~~~~~~~~~~~~~~~^^^^^^^^^^^^^
  File "C:\Users\HP\Music\app_star\guardian-ledger\backend\app\utils\decorators.py", line 39, in wrapped
    return view(*args, **kwargs)
  File "C:\Users\HP\Music\app_star\guardian-ledger\backend\app\utils\decorators.py", line 80, in wrapped
    return view(*args, **kwargs)
  File "C:\Users\HP\Music\app_star\guardian-ledger\backend\app\transactions\routes.py", line 104, in add_comment
    return ok(transaction_service.add_comment(db, g.current_user, tx_id, data["body"]), 201)
              ~~~~~~~~~~~~~~~~~~~~~~~~~~~~~~~^^^^^^^^^^^^^^^^^^^^^^^^^^^^^^^^^^^^^^^^^
  File "C:\Users\HP\Music\app_star\guardian-ledger\backend\app\services\transaction_service.py", line 259, in add_comment
    comment_repo.create(db, tx_id, user["id"], body)
    ~~~~~~~~~~~~~~~~~~~^^^^^^^^^^^^^^^^^^^^^^^^^^^^^
  File "C:\Users\HP\Music\app_star\guardian-ledger\backend\app\repositories\comment_repo.py", line 5, in create
    cur = db.execute(
        "INSERT INTO transaction_comments (transaction_id, author_id, body) VALUES (?, ?, ?)",
        (transaction_id, author_id, body),
    )
sqlite3.OperationalError: no such table: main.transactions_old
2026-06-28 14:22:52,678 ERROR [app] Unhandled exception
Traceback (most recent call last):
  File "C:\Users\HP\miniconda3\Lib\site-packages\flask\app.py", line 917, in full_dispatch_request
    rv = self.dispatch_request()
  File "C:\Users\HP\miniconda3\Lib\site-packages\flask\app.py", line 902, in dispatch_request
    return self.ensure_sync(self.view_functions[rule.endpoint])(**view_args)  # type: ignore[no-any-return]
           ~~~~~~~~~~~~~~~~~~~~~~~~~~~~~~~~~~~~~~~~~~~~~~~~~~~~^^^^^^^^^^^^^
  File "C:\Users\HP\Music\app_star\guardian-ledger\backend\app\utils\decorators.py", line 39, in wrapped
    return view(*args, **kwargs)
  File "C:\Users\HP\Music\app_star\guardian-ledger\backend\app\utils\decorators.py", line 58, in wrapped
    return view(*args, **kwargs)
  File "C:\Users\HP\Music\app_star\guardian-ledger\backend\app\utils\decorators.py", line 80, in wrapped
    return view(*args, **kwargs)
  File "C:\Users\HP\Music\app_star\guardian-ledger\backend\app\approvals\routes.py", line 23, in approve
    tx = approval_service.decide(db, g.current_user, tx_id, "approve", notes)
  File "C:\Users\HP\Music\app_star\guardian-ledger\backend\app\services\approval_service.py", line 49, in decide
    approval_log_repo.create(
    ~~~~~~~~~~~~~~~~~~~~~~~~^
        db,
        ^^^
    ...<5 lines>...
        ip_address=ip_address,
        ^^^^^^^^^^^^^^^^^^^^^^
    )
    ^
  File "C:\Users\HP\Music\app_star\guardian-ledger\backend\app\repositories\approval_log_repo.py", line 19, in create
    cur = db.execute(
        "INSERT INTO approval_logs "
    ...<2 lines>...
        (transaction_id, actor_id, action, 1 if success else 0, reason, ip_address),
    )
sqlite3.OperationalError: no such table: main.transactions_old
2026-06-28 14:24:12,420 ERROR [app] Unhandled exception
Traceback (most recent call last):
  File "C:\Users\HP\miniconda3\Lib\site-packages\flask\app.py", line 917, in full_dispatch_request
    rv = self.dispatch_request()
  File "C:\Users\HP\miniconda3\Lib\site-packages\flask\app.py", line 902, in dispatch_request
    return self.ensure_sync(self.view_functions[rule.endpoint])(**view_args)  # type: ignore[no-any-return]
           ~~~~~~~~~~~~~~~~~~~~~~~~~~~~~~~~~~~~~~~~~~~~~~~~~~~~^^^^^^^^^^^^^
  File "C:\Users\HP\Music\app_star\guardian-ledger\backend\app\utils\decorators.py", line 39, in wrapped
    return view(*args, **kwargs)
  File "C:\Users\HP\Music\app_star\guardian-ledger\backend\app\utils\decorators.py", line 58, in wrapped
    return view(*args, **kwargs)
  File "C:\Users\HP\Music\app_star\guardian-ledger\backend\app\utils\decorators.py", line 80, in wrapped
    return view(*args, **kwargs)
  File "C:\Users\HP\Music\app_star\guardian-ledger\backend\app\approvals\routes.py", line 36, in deny
    tx = approval_service.decide(db, g.current_user, tx_id, "deny", notes)
  File "C:\Users\HP\Music\app_star\guardian-ledger\backend\app\services\approval_service.py", line 49, in decide
    approval_log_repo.create(
    ~~~~~~~~~~~~~~~~~~~~~~~~^
        db,
        ^^^
    ...<5 lines>...
        ip_address=ip_address,
        ^^^^^^^^^^^^^^^^^^^^^^
    )
    ^
  File "C:\Users\HP\Music\app_star\guardian-ledger\backend\app\repositories\approval_log_repo.py", line 19, in create
    cur = db.execute(
        "INSERT INTO approval_logs "
    ...<2 lines>...
        (transaction_id, actor_id, action, 1 if success else 0, reason, ip_address),
    )
sqlite3.OperationalError: no such table: main.transactions_old
2026-06-28 14:26:41,718 ERROR [app] Unhandled exception
Traceback (most recent call last):
  File "C:\Users\HP\miniconda3\Lib\site-packages\flask\app.py", line 917, in full_dispatch_request
    rv = self.dispatch_request()
  File "C:\Users\HP\miniconda3\Lib\site-packages\flask\app.py", line 902, in dispatch_request
    return self.ensure_sync(self.view_functions[rule.endpoint])(**view_args)  # type: ignore[no-any-return]
           ~~~~~~~~~~~~~~~~~~~~~~~~~~~~~~~~~~~~~~~~~~~~~~~~~~~~^^^^^^^^^^^^^
  File "C:\Users\HP\Music\app_star\guardian-ledger\backend\app\utils\decorators.py", line 39, in wrapped
    return view(*args, **kwargs)
  File "C:\Users\HP\Music\app_star\guardian-ledger\backend\app\utils\decorators.py", line 58, in wrapped
    return view(*args, **kwargs)
  File "C:\Users\HP\Music\app_star\guardian-ledger\backend\app\utils\decorators.py", line 80, in wrapped
    return view(*args, **kwargs)
  File "C:\Users\HP\Music\app_star\guardian-ledger\backend\app\approvals\routes.py", line 23, in approve
    tx = approval_service.decide(db, g.current_user, tx_id, "approve", notes)
  File "C:\Users\HP\Music\app_star\guardian-ledger\backend\app\services\approval_service.py", line 49, in decide
    approval_log_repo.create(
    ~~~~~~~~~~~~~~~~~~~~~~~~^
        db,
        ^^^
    ...<5 lines>...
        ip_address=ip_address,
        ^^^^^^^^^^^^^^^^^^^^^^
    )
    ^
  File "C:\Users\HP\Music\app_star\guardian-ledger\backend\app\repositories\approval_log_repo.py", line 19, in create
    cur = db.execute(
        "INSERT INTO approval_logs "
    ...<2 lines>...
        (transaction_id, actor_id, action, 1 if success else 0, reason, ip_address),
    )
sqlite3.OperationalError: no such table: main.transactions_old
2026-06-28 14:30:53,647 WARNING [app] VULNERABLE_MODE is ON. This instance is deliberately insecure and must never be exposed outside a local demo/teaching environment.
2026-06-28 14:30:53,955 WARNING [app] VULNERABLE_MODE is ON. This instance is deliberately insecure and must never be exposed outside a local demo/teaching environment.
2026-06-28 14:33:48,227 WARNING [app] VULNERABLE_MODE is ON. This instance is deliberately insecure and must never be exposed outside a local demo/teaching environment.
2026-06-28 14:33:48,805 WARNING [app] VULNERABLE_MODE is ON. This instance is deliberately insecure and must never be exposed outside a local demo/teaching environment.
2026-06-28 14:33:49,405 WARNING [app] VULNERABLE_MODE is ON. This instance is deliberately insecure and must never be exposed outside a local demo/teaching environment.
2026-06-28 14:35:25,071 ERROR [app] Unhandled exception
Traceback (most recent call last):
  File "C:\Users\HP\miniconda3\Lib\site-packages\flask\app.py", line 917, in full_dispatch_request
    rv = self.dispatch_request()
  File "C:\Users\HP\miniconda3\Lib\site-packages\flask\app.py", line 902, in dispatch_request
    return self.ensure_sync(self.view_functions[rule.endpoint])(**view_args)  # type: ignore[no-any-return]
           ~~~~~~~~~~~~~~~~~~~~~~~~~~~~~~~~~~~~~~~~~~~~~~~~~~~~^^^^^^^^^^^^^
  File "C:\Users\HP\Music\app_star\guardian-ledger\backend\app\utils\decorators.py", line 39, in wrapped
    return view(*args, **kwargs)
  File "C:\Users\HP\Music\app_star\guardian-ledger\backend\app\utils\decorators.py", line 80, in wrapped
    return view(*args, **kwargs)
  File "C:\Users\HP\Music\app_star\guardian-ledger\backend\app\transactions\routes.py", line 104, in add_comment
    return ok(transaction_service.add_comment(db, g.current_user, tx_id, data["body"]), 201)
              ~~~~~~~~~~~~~~~~~~~~~~~~~~~~~~~^^^^^^^^^^^^^^^^^^^^^^^^^^^^^^^^^^^^^^^^^
  File "C:\Users\HP\Music\app_star\guardian-ledger\backend\app\services\transaction_service.py", line 259, in add_comment
    comment_repo.create(db, tx_id, user["id"], body)
    ~~~~~~~~~~~~~~~~~~~^^^^^^^^^^^^^^^^^^^^^^^^^^^^^
  File "C:\Users\HP\Music\app_star\guardian-ledger\backend\app\repositories\comment_repo.py", line 5, in create
    cur = db.execute(
        "INSERT INTO transaction_comments (transaction_id, author_id, body) VALUES (?, ?, ?)",
        (transaction_id, author_id, body),
    )
sqlite3.OperationalError: no such table: main.transactions_old
2026-06-28 14:35:27,690 ERROR [app] Unhandled exception
Traceback (most recent call last):
  File "C:\Users\HP\miniconda3\Lib\site-packages\flask\app.py", line 917, in full_dispatch_request
    rv = self.dispatch_request()
  File "C:\Users\HP\miniconda3\Lib\site-packages\flask\app.py", line 902, in dispatch_request
    return self.ensure_sync(self.view_functions[rule.endpoint])(**view_args)  # type: ignore[no-any-return]
           ~~~~~~~~~~~~~~~~~~~~~~~~~~~~~~~~~~~~~~~~~~~~~~~~~~~~^^^^^^^^^^^^^
  File "C:\Users\HP\Music\app_star\guardian-ledger\backend\app\utils\decorators.py", line 39, in wrapped
    return view(*args, **kwargs)
  File "C:\Users\HP\Music\app_star\guardian-ledger\backend\app\utils\decorators.py", line 80, in wrapped
    return view(*args, **kwargs)
  File "C:\Users\HP\Music\app_star\guardian-ledger\backend\app\transactions\routes.py", line 104, in add_comment
    return ok(transaction_service.add_comment(db, g.current_user, tx_id, data["body"]), 201)
              ~~~~~~~~~~~~~~~~~~~~~~~~~~~~~~~^^^^^^^^^^^^^^^^^^^^^^^^^^^^^^^^^^^^^^^^^
  File "C:\Users\HP\Music\app_star\guardian-ledger\backend\app\services\transaction_service.py", line 259, in add_comment
    comment_repo.create(db, tx_id, user["id"], body)
    ~~~~~~~~~~~~~~~~~~~^^^^^^^^^^^^^^^^^^^^^^^^^^^^^
  File "C:\Users\HP\Music\app_star\guardian-ledger\backend\app\repositories\comment_repo.py", line 5, in create
    cur = db.execute(
        "INSERT INTO transaction_comments (transaction_id, author_id, body) VALUES (?, ?, ?)",
        (transaction_id, author_id, body),
    )
sqlite3.OperationalError: no such table: main.transactions_old
2026-06-28 14:35:28,445 ERROR [app] Unhandled exception
Traceback (most recent call last):
  File "C:\Users\HP\miniconda3\Lib\site-packages\flask\app.py", line 917, in full_dispatch_request
    rv = self.dispatch_request()
  File "C:\Users\HP\miniconda3\Lib\site-packages\flask\app.py", line 902, in dispatch_request
    return self.ensure_sync(self.view_functions[rule.endpoint])(**view_args)  # type: ignore[no-any-return]
           ~~~~~~~~~~~~~~~~~~~~~~~~~~~~~~~~~~~~~~~~~~~~~~~~~~~~^^^^^^^^^^^^^
  File "C:\Users\HP\Music\app_star\guardian-ledger\backend\app\utils\decorators.py", line 39, in wrapped
    return view(*args, **kwargs)
  File "C:\Users\HP\Music\app_star\guardian-ledger\backend\app\utils\decorators.py", line 80, in wrapped
    return view(*args, **kwargs)
  File "C:\Users\HP\Music\app_star\guardian-ledger\backend\app\transactions\routes.py", line 104, in add_comment
    return ok(transaction_service.add_comment(db, g.current_user, tx_id, data["body"]), 201)
              ~~~~~~~~~~~~~~~~~~~~~~~~~~~~~~~^^^^^^^^^^^^^^^^^^^^^^^^^^^^^^^^^^^^^^^^^
  File "C:\Users\HP\Music\app_star\guardian-ledger\backend\app\services\transaction_service.py", line 259, in add_comment
    comment_repo.create(db, tx_id, user["id"], body)
    ~~~~~~~~~~~~~~~~~~~^^^^^^^^^^^^^^^^^^^^^^^^^^^^^
  File "C:\Users\HP\Music\app_star\guardian-ledger\backend\app\repositories\comment_repo.py", line 5, in create
    cur = db.execute(
        "INSERT INTO transaction_comments (transaction_id, author_id, body) VALUES (?, ?, ?)",
        (transaction_id, author_id, body),
    )
sqlite3.OperationalError: no such table: main.transactions_old
2026-06-28 14:35:29,050 ERROR [app] Unhandled exception
Traceback (most recent call last):
  File "C:\Users\HP\miniconda3\Lib\site-packages\flask\app.py", line 917, in full_dispatch_request
    rv = self.dispatch_request()
  File "C:\Users\HP\miniconda3\Lib\site-packages\flask\app.py", line 902, in dispatch_request
    return self.ensure_sync(self.view_functions[rule.endpoint])(**view_args)  # type: ignore[no-any-return]
           ~~~~~~~~~~~~~~~~~~~~~~~~~~~~~~~~~~~~~~~~~~~~~~~~~~~~^^^^^^^^^^^^^
  File "C:\Users\HP\Music\app_star\guardian-ledger\backend\app\utils\decorators.py", line 39, in wrapped
    return view(*args, **kwargs)
  File "C:\Users\HP\Music\app_star\guardian-ledger\backend\app\utils\decorators.py", line 80, in wrapped
    return view(*args, **kwargs)
  File "C:\Users\HP\Music\app_star\guardian-ledger\backend\app\transactions\routes.py", line 104, in add_comment
    return ok(transaction_service.add_comment(db, g.current_user, tx_id, data["body"]), 201)
              ~~~~~~~~~~~~~~~~~~~~~~~~~~~~~~~^^^^^^^^^^^^^^^^^^^^^^^^^^^^^^^^^^^^^^^^^
  File "C:\Users\HP\Music\app_star\guardian-ledger\backend\app\services\transaction_service.py", line 259, in add_comment
    comment_repo.create(db, tx_id, user["id"], body)
    ~~~~~~~~~~~~~~~~~~~^^^^^^^^^^^^^^^^^^^^^^^^^^^^^
  File "C:\Users\HP\Music\app_star\guardian-ledger\backend\app\repositories\comment_repo.py", line 5, in create
    cur = db.execute(
        "INSERT INTO transaction_comments (transaction_id, author_id, body) VALUES (?, ?, ?)",
        (transaction_id, author_id, body),
    )
sqlite3.OperationalError: no such table: main.transactions_old
2026-06-28 14:35:29,253 ERROR [app] Unhandled exception
Traceback (most recent call last):
  File "C:\Users\HP\miniconda3\Lib\site-packages\flask\app.py", line 917, in full_dispatch_request
    rv = self.dispatch_request()
  File "C:\Users\HP\miniconda3\Lib\site-packages\flask\app.py", line 902, in dispatch_request
    return self.ensure_sync(self.view_functions[rule.endpoint])(**view_args)  # type: ignore[no-any-return]
           ~~~~~~~~~~~~~~~~~~~~~~~~~~~~~~~~~~~~~~~~~~~~~~~~~~~~^^^^^^^^^^^^^
  File "C:\Users\HP\Music\app_star\guardian-ledger\backend\app\utils\decorators.py", line 39, in wrapped
    return view(*args, **kwargs)
  File "C:\Users\HP\Music\app_star\guardian-ledger\backend\app\utils\decorators.py", line 80, in wrapped
    return view(*args, **kwargs)
  File "C:\Users\HP\Music\app_star\guardian-ledger\backend\app\transactions\routes.py", line 104, in add_comment
    return ok(transaction_service.add_comment(db, g.current_user, tx_id, data["body"]), 201)
              ~~~~~~~~~~~~~~~~~~~~~~~~~~~~~~~^^^^^^^^^^^^^^^^^^^^^^^^^^^^^^^^^^^^^^^^^
  File "C:\Users\HP\Music\app_star\guardian-ledger\backend\app\services\transaction_service.py", line 259, in add_comment
    comment_repo.create(db, tx_id, user["id"], body)
    ~~~~~~~~~~~~~~~~~~~^^^^^^^^^^^^^^^^^^^^^^^^^^^^^
  File "C:\Users\HP\Music\app_star\guardian-ledger\backend\app\repositories\comment_repo.py", line 5, in create
    cur = db.execute(
        "INSERT INTO transaction_comments (transaction_id, author_id, body) VALUES (?, ?, ?)",
        (transaction_id, author_id, body),
    )
sqlite3.OperationalError: no such table: main.transactions_old
2026-06-28 14:35:29,393 ERROR [app] Unhandled exception
Traceback (most recent call last):
  File "C:\Users\HP\miniconda3\Lib\site-packages\flask\app.py", line 917, in full_dispatch_request
    rv = self.dispatch_request()
  File "C:\Users\HP\miniconda3\Lib\site-packages\flask\app.py", line 902, in dispatch_request
    return self.ensure_sync(self.view_functions[rule.endpoint])(**view_args)  # type: ignore[no-any-return]
           ~~~~~~~~~~~~~~~~~~~~~~~~~~~~~~~~~~~~~~~~~~~~~~~~~~~~^^^^^^^^^^^^^
  File "C:\Users\HP\Music\app_star\guardian-ledger\backend\app\utils\decorators.py", line 39, in wrapped
    return view(*args, **kwargs)
  File "C:\Users\HP\Music\app_star\guardian-ledger\backend\app\utils\decorators.py", line 80, in wrapped
    return view(*args, **kwargs)
  File "C:\Users\HP\Music\app_star\guardian-ledger\backend\app\transactions\routes.py", line 104, in add_comment
    return ok(transaction_service.add_comment(db, g.current_user, tx_id, data["body"]), 201)
              ~~~~~~~~~~~~~~~~~~~~~~~~~~~~~~~^^^^^^^^^^^^^^^^^^^^^^^^^^^^^^^^^^^^^^^^^
  File "C:\Users\HP\Music\app_star\guardian-ledger\backend\app\services\transaction_service.py", line 259, in add_comment
    comment_repo.create(db, tx_id, user["id"], body)
    ~~~~~~~~~~~~~~~~~~~^^^^^^^^^^^^^^^^^^^^^^^^^^^^^
  File "C:\Users\HP\Music\app_star\guardian-ledger\backend\app\repositories\comment_repo.py", line 5, in create
    cur = db.execute(
        "INSERT INTO transaction_comments (transaction_id, author_id, body) VALUES (?, ?, ?)",
        (transaction_id, author_id, body),
    )
sqlite3.OperationalError: no such table: main.transactions_old
2026-06-28 14:35:29,548 ERROR [app] Unhandled exception
Traceback (most recent call last):
  File "C:\Users\HP\miniconda3\Lib\site-packages\flask\app.py", line 917, in full_dispatch_request
    rv = self.dispatch_request()
  File "C:\Users\HP\miniconda3\Lib\site-packages\flask\app.py", line 902, in dispatch_request
    return self.ensure_sync(self.view_functions[rule.endpoint])(**view_args)  # type: ignore[no-any-return]
           ~~~~~~~~~~~~~~~~~~~~~~~~~~~~~~~~~~~~~~~~~~~~~~~~~~~~^^^^^^^^^^^^^
  File "C:\Users\HP\Music\app_star\guardian-ledger\backend\app\utils\decorators.py", line 39, in wrapped
    return view(*args, **kwargs)
  File "C:\Users\HP\Music\app_star\guardian-ledger\backend\app\utils\decorators.py", line 80, in wrapped
    return view(*args, **kwargs)
  File "C:\Users\HP\Music\app_star\guardian-ledger\backend\app\transactions\routes.py", line 104, in add_comment
    return ok(transaction_service.add_comment(db, g.current_user, tx_id, data["body"]), 201)
              ~~~~~~~~~~~~~~~~~~~~~~~~~~~~~~~^^^^^^^^^^^^^^^^^^^^^^^^^^^^^^^^^^^^^^^^^
  File "C:\Users\HP\Music\app_star\guardian-ledger\backend\app\services\transaction_service.py", line 259, in add_comment
    comment_repo.create(db, tx_id, user["id"], body)
    ~~~~~~~~~~~~~~~~~~~^^^^^^^^^^^^^^^^^^^^^^^^^^^^^
  File "C:\Users\HP\Music\app_star\guardian-ledger\backend\app\repositories\comment_repo.py", line 5, in create
    cur = db.execute(
        "INSERT INTO transaction_comments (transaction_id, author_id, body) VALUES (?, ?, ?)",
        (transaction_id, author_id, body),
    )
sqlite3.OperationalError: no such table: main.transactions_old
2026-06-28 14:35:29,767 ERROR [app] Unhandled exception
Traceback (most recent call last):
  File "C:\Users\HP\miniconda3\Lib\site-packages\flask\app.py", line 917, in full_dispatch_request
    rv = self.dispatch_request()
  File "C:\Users\HP\miniconda3\Lib\site-packages\flask\app.py", line 902, in dispatch_request
    return self.ensure_sync(self.view_functions[rule.endpoint])(**view_args)  # type: ignore[no-any-return]
           ~~~~~~~~~~~~~~~~~~~~~~~~~~~~~~~~~~~~~~~~~~~~~~~~~~~~^^^^^^^^^^^^^
  File "C:\Users\HP\Music\app_star\guardian-ledger\backend\app\utils\decorators.py", line 39, in wrapped
    return view(*args, **kwargs)
  File "C:\Users\HP\Music\app_star\guardian-ledger\backend\app\utils\decorators.py", line 80, in wrapped
    return view(*args, **kwargs)
  File "C:\Users\HP\Music\app_star\guardian-ledger\backend\app\transactions\routes.py", line 104, in add_comment
    return ok(transaction_service.add_comment(db, g.current_user, tx_id, data["body"]), 201)
              ~~~~~~~~~~~~~~~~~~~~~~~~~~~~~~~^^^^^^^^^^^^^^^^^^^^^^^^^^^^^^^^^^^^^^^^^
  File "C:\Users\HP\Music\app_star\guardian-ledger\backend\app\services\transaction_service.py", line 259, in add_comment
    comment_repo.create(db, tx_id, user["id"], body)
    ~~~~~~~~~~~~~~~~~~~^^^^^^^^^^^^^^^^^^^^^^^^^^^^^
  File "C:\Users\HP\Music\app_star\guardian-ledger\backend\app\repositories\comment_repo.py", line 5, in create
    cur = db.execute(
        "INSERT INTO transaction_comments (transaction_id, author_id, body) VALUES (?, ?, ?)",
        (transaction_id, author_id, body),
    )
sqlite3.OperationalError: no such table: main.transactions_old
2026-06-28 14:35:40,480 ERROR [app] Unhandled exception
Traceback (most recent call last):
  File "C:\Users\HP\miniconda3\Lib\site-packages\flask\app.py", line 917, in full_dispatch_request
    rv = self.dispatch_request()
  File "C:\Users\HP\miniconda3\Lib\site-packages\flask\app.py", line 902, in dispatch_request
    return self.ensure_sync(self.view_functions[rule.endpoint])(**view_args)  # type: ignore[no-any-return]
           ~~~~~~~~~~~~~~~~~~~~~~~~~~~~~~~~~~~~~~~~~~~~~~~~~~~~^^^^^^^^^^^^^
  File "C:\Users\HP\Music\app_star\guardian-ledger\backend\app\utils\decorators.py", line 39, in wrapped
    return view(*args, **kwargs)
  File "C:\Users\HP\Music\app_star\guardian-ledger\backend\app\utils\decorators.py", line 80, in wrapped
    return view(*args, **kwargs)
  File "C:\Users\HP\Music\app_star\guardian-ledger\backend\app\transactions\routes.py", line 104, in add_comment
    return ok(transaction_service.add_comment(db, g.current_user, tx_id, data["body"]), 201)
              ~~~~~~~~~~~~~~~~~~~~~~~~~~~~~~~^^^^^^^^^^^^^^^^^^^^^^^^^^^^^^^^^^^^^^^^^
  File "C:\Users\HP\Music\app_star\guardian-ledger\backend\app\services\transaction_service.py", line 259, in add_comment
    comment_repo.create(db, tx_id, user["id"], body)
    ~~~~~~~~~~~~~~~~~~~^^^^^^^^^^^^^^^^^^^^^^^^^^^^^
  File "C:\Users\HP\Music\app_star\guardian-ledger\backend\app\repositories\comment_repo.py", line 5, in create
    cur = db.execute(
        "INSERT INTO transaction_comments (transaction_id, author_id, body) VALUES (?, ?, ?)",
        (transaction_id, author_id, body),
    )
sqlite3.OperationalError: no such table: main.transactions_old
2026-06-28 14:36:39,065 ERROR [app] Unhandled exception
Traceback (most recent call last):
  File "C:\Users\HP\miniconda3\Lib\site-packages\flask\app.py", line 917, in full_dispatch_request
    rv = self.dispatch_request()
  File "C:\Users\HP\miniconda3\Lib\site-packages\flask\app.py", line 902, in dispatch_request
    return self.ensure_sync(self.view_functions[rule.endpoint])(**view_args)  # type: ignore[no-any-return]
           ~~~~~~~~~~~~~~~~~~~~~~~~~~~~~~~~~~~~~~~~~~~~~~~~~~~~^^^^^^^^^^^^^
  File "C:\Users\HP\Music\app_star\guardian-ledger\backend\app\utils\decorators.py", line 39, in wrapped
    return view(*args, **kwargs)
  File "C:\Users\HP\Music\app_star\guardian-ledger\backend\app\utils\decorators.py", line 58, in wrapped
    return view(*args, **kwargs)
  File "C:\Users\HP\Music\app_star\guardian-ledger\backend\app\utils\decorators.py", line 80, in wrapped
    return view(*args, **kwargs)
  File "C:\Users\HP\Music\app_star\guardian-ledger\backend\app\approvals\routes.py", line 23, in approve
    tx = approval_service.decide(db, g.current_user, tx_id, "approve", notes)
  File "C:\Users\HP\Music\app_star\guardian-ledger\backend\app\services\approval_service.py", line 51, in decide
    approval_log_repo.create(
    ~~~~~~~~~~~~~~~~~~~~~~~~^
        db,
        ^^^
    ...<5 lines>...
        ip_address=ip_address,
        ^^^^^^^^^^^^^^^^^^^^^^
    )
    ^
  File "C:\Users\HP\Music\app_star\guardian-ledger\backend\app\repositories\approval_log_repo.py", line 19, in create
    cur = db.execute(
        "INSERT INTO approval_logs "
    ...<2 lines>...
        (transaction_id, actor_id, action, 1 if success else 0, reason, ip_address),
    )
sqlite3.OperationalError: no such table: main.transactions_old
2026-06-28 14:37:20,701 ERROR [app] Unhandled exception
Traceback (most recent call last):
  File "C:\Users\HP\miniconda3\Lib\site-packages\flask\app.py", line 917, in full_dispatch_request
    rv = self.dispatch_request()
  File "C:\Users\HP\miniconda3\Lib\site-packages\flask\app.py", line 902, in dispatch_request
    return self.ensure_sync(self.view_functions[rule.endpoint])(**view_args)  # type: ignore[no-any-return]
           ~~~~~~~~~~~~~~~~~~~~~~~~~~~~~~~~~~~~~~~~~~~~~~~~~~~~^^^^^^^^^^^^^
  File "C:\Users\HP\Music\app_star\guardian-ledger\backend\app\utils\decorators.py", line 39, in wrapped
    return view(*args, **kwargs)
  File "C:\Users\HP\Music\app_star\guardian-ledger\backend\app\utils\decorators.py", line 58, in wrapped
    return view(*args, **kwargs)
  File "C:\Users\HP\Music\app_star\guardian-ledger\backend\app\utils\decorators.py", line 80, in wrapped
    return view(*args, **kwargs)
  File "C:\Users\HP\Music\app_star\guardian-ledger\backend\app\approvals\routes.py", line 23, in approve
    tx = approval_service.decide(db, g.current_user, tx_id, "approve", notes)
  File "C:\Users\HP\Music\app_star\guardian-ledger\backend\app\services\approval_service.py", line 51, in decide
    approval_log_repo.create(
    ~~~~~~~~~~~~~~~~~~~~~~~~^
        db,
        ^^^
    ...<5 lines>...
        ip_address=ip_address,
        ^^^^^^^^^^^^^^^^^^^^^^
    )
    ^
  File "C:\Users\HP\Music\app_star\guardian-ledger\backend\app\repositories\approval_log_repo.py", line 19, in create
    cur = db.execute(
        "INSERT INTO approval_logs "
    ...<2 lines>...
        (transaction_id, actor_id, action, 1 if success else 0, reason, ip_address),
    )
sqlite3.OperationalError: no such table: main.transactions_old
2026-06-28 14:39:43,998 WARNING [app] VULNERABLE_MODE is ON. This instance is deliberately insecure and must never be exposed outside a local demo/teaching environment.
2026-06-28 14:39:44,569 WARNING [app] VULNERABLE_MODE is ON. This instance is deliberately insecure and must never be exposed outside a local demo/teaching environment.
2026-06-28 14:40:33,117 WARNING [app] VULNERABLE_MODE is ON. This instance is deliberately insecure and must never be exposed outside a local demo/teaching environment.
2026-06-28 14:40:33,181 WARNING [app] VULNERABLE_MODE is ON. This instance is deliberately insecure and must never be exposed outside a local demo/teaching environment.
2026-06-28 14:41:33,093 WARNING [app] VULNERABLE_MODE is ON. This instance is deliberately insecure and must never be exposed outside a local demo/teaching environment.
2026-06-28 14:41:53,742 WARNING [app] VULNERABLE_MODE is ON. This instance is deliberately insecure and must never be exposed outside a local demo/teaching environment.
2026-06-28 14:41:54,520 WARNING [app] VULNERABLE_MODE is ON. This instance is deliberately insecure and must never be exposed outside a local demo/teaching environment.
2026-06-28 14:41:55,116 WARNING [app] VULNERABLE_MODE is ON. This instance is deliberately insecure and must never be exposed outside a local demo/teaching environment.
2026-06-28 14:51:14,984 WARNING [app] VULNERABLE_MODE is ON. This instance is deliberately insecure and must never be exposed outside a local demo/teaching environment.
2026-06-28 14:51:15,135 WARNING [app] VULNERABLE_MODE is ON. This instance is deliberately insecure and must never be exposed outside a local demo/teaching environment.
2026-06-28 15:49:03,452 WARNING [app] VULNERABLE_MODE is ON. This instance is deliberately insecure and must never be exposed outside a local demo/teaching environment.
2026-06-28 15:49:04,503 WARNING [app] VULNERABLE_MODE is ON. This instance is deliberately insecure and must never be exposed outside a local demo/teaching environment.
2026-06-28 15:49:05,188 WARNING [app] VULNERABLE_MODE is ON. This instance is deliberately insecure and must never be exposed outside a local demo/teaching environment.
